<?xml version="1.0" encoding="UTF-8"?>
<!-- Generated by org.testng.reporters.JUnitReportReporter -->
<testsuite hostname="ONagirna" name="com.orange.test.LoginTest" tests="3" failures="0" timestamp="9 Jun 2017 13:53:57 GMT" time="18.033" errors="0">
  <testcase name="testUserIsAbleToLogin" time="7.345" classname="com.orange.test.LoginTest"/>
  <testcase name="testUserIsAbleToLogin" time="5.400" classname="com.orange.test.LoginTest"/>
  <testcase name="testUserIsAbleToLogin" time="5.288" classname="com.orange.test.LoginTest"/>
</testsuite> <!-- com.orange.test.LoginTest -->
